[debug] [2022-04-25T17:43:04.143Z] ----------------------------------------------------------------------
[debug] [2022-04-25T17:43:04.144Z] Command:       C:\Program Files\nodejs\node.exe C:\Users\PC\AppData\Roaming\npm\node_modules\firebase-tools\lib\bin\firebase.js deploy
[debug] [2022-04-25T17:43:04.145Z] CLI Version:   10.7.1
[debug] [2022-04-25T17:43:04.145Z] Platform:      win32
[debug] [2022-04-25T17:43:04.145Z] Node Version:  v16.13.2
[debug] [2022-04-25T17:43:04.146Z] Time:          Mon Apr 25 2022 23:43:04 GMT+0600 (Bangladesh Standard Time)
[debug] [2022-04-25T17:43:04.146Z] ----------------------------------------------------------------------
[debug] 
[debug] [2022-04-25T17:43:04.194Z] > command requires scopes: ["email","openid","https://www.googleapis.com/auth/cloudplatformprojects.readonly","https://www.googleapis.com/auth/firebase","https://www.googleapis.com/auth/cloud-platform"]
[debug] [2022-04-25T17:43:04.194Z] > authorizing via signed-in user (makkobir79@gmail.com)
[debug] [2022-04-25T17:43:04.194Z] [iam] checking project genius-car-services-18c77 for permissions ["firebase.projects.get","firebasehosting.sites.update"]
[debug] [2022-04-25T17:43:04.196Z] >>> [apiv2][query] POST https://cloudresourcemanager.googleapis.com/v1/projects/genius-car-services-18c77:testIamPermissions [none]
[debug] [2022-04-25T17:43:04.196Z] >>> [apiv2][body] POST https://cloudresourcemanager.googleapis.com/v1/projects/genius-car-services-18c77:testIamPermissions {"permissions":["firebase.projects.get","firebasehosting.sites.update"]}
[debug] [2022-04-25T17:43:05.707Z] <<< [apiv2][status] POST https://cloudresourcemanager.googleapis.com/v1/projects/genius-car-services-18c77:testIamPermissions 200
[debug] [2022-04-25T17:43:05.707Z] <<< [apiv2][body] POST https://cloudresourcemanager.googleapis.com/v1/projects/genius-car-services-18c77:testIamPermissions {}
[debug] [2022-04-25T17:43:05.708Z] [iam] error while checking permissions, command may fail: FirebaseError: Authorization failed. This account is missing the following required permissions on project genius-car-services-18c77:

  firebase.projects.get
  firebasehosting.sites.update
[debug] [2022-04-25T17:43:05.708Z] >>> [apiv2][query] GET https://firebase.googleapis.com/v1beta1/projects/genius-car-services-18c77 [none]
[debug] [2022-04-25T17:43:06.306Z] <<< [apiv2][status] GET https://firebase.googleapis.com/v1beta1/projects/genius-car-services-18c77 403
[debug] [2022-04-25T17:43:06.306Z] <<< [apiv2][body] GET https://firebase.googleapis.com/v1beta1/projects/genius-car-services-18c77 {"error":{"code":403,"message":"The caller does not have permission","status":"PERMISSION_DENIED"}}
[debug] [2022-04-25T17:43:06.307Z] HTTP Error: 403, The caller does not have permission
[debug] [2022-04-25T17:43:06.510Z] FirebaseError: HTTP Error: 403, The caller does not have permission
    at module.exports (C:\Users\PC\AppData\Roaming\npm\node_modules\firebase-tools\lib\responseToError.js:47:12)
    at RetryOperation._fn (C:\Users\PC\AppData\Roaming\npm\node_modules\firebase-tools\lib\apiv2.js:286:39)
    at processTicksAndRejections (node:internal/process/task_queues:96:5)
[error] 
[error] Error: Failed to get Firebase project genius-car-services-18c77. Please make sure the project exists and your account has permission to access it.
